<?xml version="1.0" encoding="UTF-8"?>
<testsuites>
  <testsuite id="0" name="/Users/wesleychiang/code/rm-coreui/src/helpers/math/tests/index.test.js" errors="0" package="/Users/wesleychiang/code/rm-coreui/src/helpers/math/tests/index.test.js" hostname="localhost" tests="2" failures="0" time="0.186" timestamp="2018-03-09T20:34:10">
    <properties>
    </properties>
    <testcase classname="round5" name="should round up to 5 given a 3 as input" time="0">
    </testcase>
    <testcase classname="round5" name="should round up to 5 given a 3 as input" time="0">
    </testcase>
    <system-out/>
    <system-err/>
  </testsuite>
</testsuites>